2022/05/23 15:17:42 [notice] 1#1: signal 3 (SIGQUIT) received, shutting down
2022/05/23 15:17:42 [notice] 31#31: gracefully shutting down
2022/05/23 15:17:42 [notice] 32#32: gracefully shutting down
2022/05/23 15:17:42 [notice] 31#31: exiting
2022/05/23 15:17:42 [notice] 34#34: gracefully shutting down
2022/05/23 15:17:42 [notice] 32#32: exiting
2022/05/23 15:17:42 [notice] 36#36: gracefully shutting down
2022/05/23 15:17:42 [notice] 34#34: exiting
2022/05/23 15:17:42 [notice] 36#36: exiting
2022/05/23 15:17:42 [notice] 33#33: gracefully shutting down
2022/05/23 15:17:42 [notice] 33#33: exiting
2022/05/23 15:17:42 [notice] 37#37: gracefully shutting down
2022/05/23 15:17:42 [notice] 35#35: gracefully shutting down
2022/05/23 15:17:42 [notice] 37#37: exiting
2022/05/23 15:17:42 [notice] 35#35: exiting
2022/05/23 15:17:42 [notice] 30#30: gracefully shutting down
2022/05/23 15:17:42 [notice] 30#30: exiting
2022/05/23 15:17:42 [notice] 36#36: exit
2022/05/23 15:17:42 [notice] 34#34: exit
2022/05/23 15:17:42 [notice] 37#37: exit
2022/05/23 15:17:42 [notice] 30#30: exit
2022/05/23 15:17:42 [notice] 35#35: exit
2022/05/23 15:17:42 [notice] 32#32: exit
2022/05/23 15:17:42 [notice] 31#31: exit
2022/05/23 15:17:42 [notice] 33#33: exit
2022/05/23 15:17:42 [notice] 1#1: signal 17 (SIGCHLD) received from 37
2022/05/23 15:17:42 [notice] 1#1: worker process 32 exited with code 0
2022/05/23 15:17:42 [notice] 1#1: worker process 37 exited with code 0
2022/05/23 15:17:42 [notice] 1#1: signal 29 (SIGIO) received
2022/05/23 15:17:42 [notice] 1#1: signal 17 (SIGCHLD) received from 30
2022/05/23 15:17:42 [notice] 1#1: worker process 30 exited with code 0
2022/05/23 15:17:42 [notice] 1#1: worker process 34 exited with code 0
2022/05/23 15:17:42 [notice] 1#1: worker process 36 exited with code 0
2022/05/23 15:17:42 [notice] 1#1: signal 29 (SIGIO) received
2022/05/23 15:17:42 [notice] 1#1: signal 17 (SIGCHLD) received from 36
2022/05/23 15:17:42 [notice] 1#1: signal 17 (SIGCHLD) received from 31
2022/05/23 15:17:42 [notice] 1#1: worker process 31 exited with code 0
2022/05/23 15:17:42 [notice] 1#1: signal 29 (SIGIO) received
2022/05/23 15:17:42 [notice] 1#1: signal 17 (SIGCHLD) received from 33
2022/05/23 15:17:42 [notice] 1#1: worker process 33 exited with code 0
2022/05/23 15:17:42 [notice] 1#1: signal 29 (SIGIO) received
2022/05/23 15:17:42 [notice] 1#1: signal 17 (SIGCHLD) received from 35
2022/05/23 15:17:42 [notice] 1#1: worker process 35 exited with code 0
2022/05/23 15:17:42 [notice] 1#1: exit
